# JRE version: Java(TM) SE Runtime Environment (8.0_111-b14) (build 1.8.0_111-b14)
# Java VM: Java HotSpot(TM) 64-Bit Server VM (25.111-b14 mixed mode windows-amd64 compressed oops)
Heap:
 PSYoungGen      total 272896K, used 222710K [0x00000000d5580000, 0x00000000eb700000, 0x0000000100000000)
  eden space 248320K, 79% used [0x00000000d5580000,0x00000000e173fe60,0x00000000e4800000)
  from space 24576K, 98% used [0x00000000e9f00000,0x00000000eb6bdc38,0x00000000eb700000)
  to   space 34816K, 0% used [0x00000000e7300000,0x00000000e7300000,0x00000000e9500000)
 ParOldGen       total 119808K, used 57712K [0x0000000080000000, 0x0000000087500000, 0x00000000d5580000)
  object space 119808K, 48% used [0x0000000080000000,0x000000008385c398,0x0000000087500000)
 Metaspace       used 93482K, capacity 98446K, committed 98560K, reserved 1134592K
  class space    used 12507K, capacity 13393K, committed 13440K, reserved 1048576K
GC Heap History (10 events):
Event: 27.353 GC heap before
{Heap before GC invocations=15 (full 3):
 PSYoungGen      total 235008K, used 1664K [0x00000000d5580000, 0x00000000e5200000, 0x0000000100000000)
  eden space 215552K, 0% used [0x00000000d5580000,0x00000000d5580000,0x00000000e2800000)
  from space 19456K, 8% used [0x00000000e3b80000,0x00000000e3d20000,0x00000000e4e80000)
  to   space 19968K, 0% used [0x00000000e2800000,0x00000000e2800000,0x00000000e3b80000)
 ParOldGen       total 80384K, used 41284K [0x0000000080000000, 0x0000000084e80000, 0x00000000d5580000)
  object space 80384K, 51% used [0x0000000080000000,0x00000000828511b0,0x0000000084e80000)
 Metaspace       used 56712K, capacity 59036K, committed 59136K, reserved 1099776K
  class space    used 7928K, capacity 8395K, committed 8448K, reserved 1048576K
Event: 27.865 GC heap after
Heap after GC invocations=15 (full 3):
 PSYoungGen      total 235008K, used 0K [0x00000000d5580000, 0x00000000e5200000, 0x0000000100000000)
  eden space 215552K, 0% used [0x00000000d5580000,0x00000000d5580000,0x00000000e2800000)
  from space 19456K, 0% used [0x00000000e3b80000,0x00000000e3b80000,0x00000000e4e80000)
  to   space 19968K, 0% used [0x00000000e2800000,0x00000000e2800000,0x00000000e3b80000)
 ParOldGen       total 119808K, used 29764K [0x0000000080000000, 0x0000000087500000, 0x00000000d5580000)
  object space 119808K, 24% used [0x0000000080000000,0x0000000081d111f8,0x0000000087500000)
 Metaspace       used 56700K, capacity 58994K, committed 59136K, reserved 1099776K
  class space    used 7924K, capacity 8388K, committed 8448K, reserved 1048576K
}
Event: 40.256 GC heap before
{Heap before GC invocations=16 (full 3):
 PSYoungGen      total 235008K, used 215552K [0x00000000d5580000, 0x00000000e5200000, 0x0000000100000000)
  eden space 215552K, 100% used [0x00000000d5580000,0x00000000e2800000,0x00000000e2800000)
  from space 19456K, 0% used [0x00000000e3b80000,0x00000000e3b80000,0x00000000e4e80000)
  to   space 19968K, 0% used [0x00000000e2800000,0x00000000e2800000,0x00000000e3b80000)
 ParOldGen       total 119808K, used 29764K [0x0000000080000000, 0x0000000087500000, 0x00000000d5580000)
  object space 119808K, 24% used [0x0000000080000000,0x0000000081d111f8,0x0000000087500000)
 Metaspace       used 65204K, capacity 68194K, committed 68352K, reserved 1107968K
  class space    used 9165K, capacity 9710K, committed 9728K, reserved 1048576K
Event: 40.305 GC heap after
Heap after GC invocations=16 (full 3):
 PSYoungGen      total 235520K, used 16354K [0x00000000d5580000, 0x00000000e8280000, 0x0000000100000000)
  eden space 215552K, 0% used [0x00000000d5580000,0x00000000d5580000,0x00000000e2800000)
  from space 19968K, 81% used [0x00000000e2800000,0x00000000e37f89c8,0x00000000e3b80000)
  to   space 21504K, 0% used [0x00000000e6d80000,0x00000000e6d80000,0x00000000e8280000)
 ParOldGen       total 119808K, used 29772K [0x0000000080000000, 0x0000000087500000, 0x00000000d5580000)
  object space 119808K, 24% used [0x0000000080000000,0x0000000081d131f8,0x0000000087500000)
 Metaspace       used 65204K, capacity 68194K, committed 68352K, reserved 1107968K
  class space    used 9165K, capacity 9710K, committed 9728K, reserved 1048576K
}
Event: 73.107 GC heap before
{Heap before GC invocations=17 (full 3):
 PSYoungGen      total 235520K, used 231906K [0x00000000d5580000, 0x00000000e8280000, 0x0000000100000000)
  eden space 215552K, 100% used [0x00000000d5580000,0x00000000e2800000,0x00000000e2800000)
  from space 19968K, 81% used [0x00000000e2800000,0x00000000e37f89c8,0x00000000e3b80000)
  to   space 21504K, 0% used [0x00000000e6d80000,0x00000000e6d80000,0x00000000e8280000)
 ParOldGen       total 119808K, used 29772K [0x0000000080000000, 0x0000000087500000, 0x00000000d5580000)
  object space 119808K, 24% used [0x0000000080000000,0x0000000081d132b8,0x0000000087500000)
 Metaspace       used 76362K, capacity 79696K, committed 79872K, reserved 1118208K
  class space    used 10538K, capacity 11196K, committed 11264K, reserved 1048576K
Event: 73.327 GC heap after
Heap after GC invocations=17 (full 3):
 PSYoungGen      total 279552K, used 21478K [0x00000000d5580000, 0x00000000e8b80000, 0x0000000100000000)
  eden space 258048K, 0% used [0x00000000d5580000,0x00000000d5580000,0x00000000e5180000)
  from space 21504K, 99% used [0x00000000e6d80000,0x00000000e8279b48,0x00000000e8280000)
  to   space 28672K, 0% used [0x00000000e5180000,0x00000000e5180000,0x00000000e6d80000)
 ParOldGen       total 119808K, used 39170K [0x0000000080000000, 0x0000000087500000, 0x00000000d5580000)
  object space 119808K, 32% used [0x0000000080000000,0x0000000082640bc8,0x0000000087500000)
 Metaspace       used 76362K, capacity 79696K, committed 79872K, reserved 1118208K
  class space    used 10538K, capacity 11196K, committed 11264K, reserved 1048576K
}
Event: 115.247 GC heap before
{Heap before GC invocations=18 (full 3):
 PSYoungGen      total 279552K, used 279526K [0x00000000d5580000, 0x00000000e8b80000, 0x0000000100000000)
  eden space 258048K, 100% used [0x00000000d5580000,0x00000000e5180000,0x00000000e5180000)
  from space 21504K, 99% used [0x00000000e6d80000,0x00000000e8279b48,0x00000000e8280000)
  to   space 28672K, 0% used [0x00000000e5180000,0x00000000e5180000,0x00000000e6d80000)
 ParOldGen       total 119808K, used 39190K [0x0000000080000000, 0x0000000087500000, 0x00000000d5580000)
  object space 119808K, 32% used [0x0000000080000000,0x00000000826458e0,0x0000000087500000)
 Metaspace       used 90210K, capacity 94872K, committed 94976K, reserved 1130496K
  class space    used 12381K, capacity 13258K, committed 13312K, reserved 1048576K
Event: 115.392 GC heap after
Heap after GC invocations=18 (full 3):
 PSYoungGen      total 286720K, used 26270K [0x00000000d5580000, 0x00000000ebe80000, 0x0000000100000000)
  eden space 258048K, 0% used [0x00000000d5580000,0x00000000d5580000,0x00000000e5180000)
  from space 28672K, 91% used [0x00000000e5180000,0x00000000e6b27870,0x00000000e6d80000)
  to   space 32256K, 0% used [0x00000000e9f00000,0x00000000e9f00000,0x00000000ebe80000)
 ParOldGen       total 119808K, used 57704K [0x0000000080000000, 0x0000000087500000, 0x00000000d5580000)
  object space 119808K, 48% used [0x0000000080000000,0x000000008385a398,0x0000000087500000)
 Metaspace       used 90210K, capacity 94872K, committed 94976K, reserved 1130496K
  class space    used 12381K, capacity 13258K, committed 13312K, reserved 1048576K
}
Event: 1409.078 GC heap before
{Heap before GC invocations=19 (full 3):
 PSYoungGen      total 286720K, used 284318K [0x00000000d5580000, 0x00000000ebe80000, 0x0000000100000000)
  eden space 258048K, 100% used [0x00000000d5580000,0x00000000e5180000,0x00000000e5180000)
  from space 28672K, 91% used [0x00000000e5180000,0x00000000e6b27870,0x00000000e6d80000)
  to   space 32256K, 0% used [0x00000000e9f00000,0x00000000e9f00000,0x00000000ebe80000)
 ParOldGen       total 119808K, used 57704K [0x0000000080000000, 0x0000000087500000, 0x00000000d5580000)
  object space 119808K, 48% used [0x0000000080000000,0x000000008385a398,0x0000000087500000)
 Metaspace       used 91534K, capacity 96378K, committed 96640K, reserved 1132544K
  class space    used 12423K, capacity 13325K, committed 13440K, reserved 1048576K
Event: 1409.113 GC heap after
Heap after GC invocations=19 (full 3):
 PSYoungGen      total 272896K, used 24311K [0x00000000d5580000, 0x00000000eb700000, 0x0000000100000000)
  eden space 248320K, 0% used [0x00000000d5580000,0x00000000d5580000,0x00000000e4800000)
  from space 24576K, 98% used [0x00000000e9f00000,0x00000000eb6bdc38,0x00000000eb700000)
  to   space 34816K, 0% used [0x00000000e7300000,0x00000000e7300000,0x00000000e9500000)
 ParOldGen       total 119808K, used 57712K [0x0000000080000000, 0x0000000087500000, 0x00000000d5580000)
  object space 119808K, 48% used [0x0000000080000000,0x000000008385c398,0x0000000087500000)
 Metaspace       used 91534K, capacity 96378K, committed 96640K, reserved 1132544K
  class space    used 12423K, capacity 13325K, committed 13440K, reserved 1048576K
}

